SF:lib/config.dart
DA:6,6
DA:11,2
DA:13,2
DA:14,4
DA:15,4
DA:16,2
DA:19,2
DA:20,2
DA:23,4
DA:25,4
LF:10
LH:10
end_of_record
SF:lib/main.dart
DA:14,0
DA:16,0
DA:18,0
DA:19,0
DA:21,0
DA:23,0
DA:27,1
DA:29,0
DA:31,0
DA:33,0
DA:37,0
DA:38,0
DA:39,0
DA:40,0
DA:42,0
DA:44,0
DA:46,0
DA:48,0
LF:18
LH:1
end_of_record
SF:lib/screens/enterprise_create_screen.dart
DA:13,2
DA:16,1
DA:17,1
DA:26,1
DA:27,3
DA:29,3
DA:30,3
DA:31,3
DA:34,1
DA:35,2
DA:36,1
DA:37,1
DA:38,3
DA:39,3
DA:42,0
DA:43,0
DA:44,0
DA:45,0
DA:48,0
DA:49,0
DA:50,0
DA:51,0
DA:52,0
DA:55,0
DA:56,0
DA:58,0
DA:60,2
DA:62,0
DA:67,1
DA:69,3
DA:70,0
DA:72,2
DA:73,2
DA:76,4
DA:78,1
DA:79,1
DA:80,1
DA:81,3
DA:83,1
DA:84,1
DA:85,1
DA:86,1
DA:87,1
DA:89,1
DA:90,1
DA:92,1
DA:94,1
DA:95,1
DA:96,1
DA:97,1
DA:100,1
DA:102,2
DA:103,3
DA:104,2
DA:108,1
DA:110,2
DA:111,1
DA:112,2
DA:113,1
DA:115,2
DA:116,3
DA:117,1
DA:118,1
DA:120,1
DA:122,2
DA:123,3
DA:124,1
DA:125,1
DA:127,1
DA:129,2
DA:130,3
DA:131,1
DA:132,1
DA:134,1
DA:136,2
DA:137,3
DA:138,1
DA:139,1
DA:141,1
DA:143,2
DA:144,3
DA:145,1
DA:146,1
DA:148,1
DA:151,3
DA:152,4
DA:153,1
DA:154,2
DA:156,1
DA:158,2
DA:159,3
DA:160,1
DA:161,1
DA:163,1
DA:164,1
DA:166,1
DA:168,1
DA:169,1
DA:170,1
DA:171,3
DA:172,2
DA:176,1
DA:177,1
DA:179,1
DA:188,1
DA:189,1
DA:198,0
DA:199,0
DA:202,0
DA:203,0
DA:204,0
DA:205,0
DA:206,0
DA:207,0
DA:208,0
DA:215,1
DA:216,2
DA:222,1
DA:224,1
DA:226,1
DA:227,1
DA:228,1
DA:229,1
DA:232,1
DA:234,2
DA:235,3
DA:236,1
DA:237,1
DA:239,1
DA:241,2
DA:242,1
DA:243,2
DA:244,1
DA:246,2
DA:247,3
DA:248,1
DA:249,1
DA:251,1
DA:253,1
DA:255,1
DA:256,1
DA:257,1
DA:258,1
DA:261,1
DA:263,2
DA:264,3
DA:265,1
DA:266,1
DA:268,1
DA:270,1
DA:271,3
LF:151
LH:128
end_of_record
SF:lib/screens/enterprise_from_code_screen.dart
DA:8,2
DA:11,1
DA:13,1
DA:19,1
DA:21,2
DA:22,1
DA:25,1
DA:26,1
DA:27,1
DA:29,1
DA:30,1
DA:31,1
DA:32,1
DA:33,1
DA:34,3
DA:35,1
DA:36,4
DA:42,1
DA:44,1
DA:45,1
DA:48,1
DA:49,1
DA:51,1
DA:52,1
DA:58,1
DA:60,1
DA:61,1
DA:63,1
DA:64,1
DA:65,1
DA:66,1
DA:67,1
DA:69,1
DA:78,1
DA:79,1
DA:88,0
DA:89,0
DA:92,0
DA:93,0
DA:96,1
DA:102,1
DA:104,1
DA:105,1
DA:106,4
DA:107,1
DA:109,0
DA:110,0
DA:111,0
LF:48
LH:41
end_of_record
SF:lib/screens/enterprise_list_screen.dart
DA:15,2
DA:18,1
DA:19,1
DA:32,1
DA:34,2
DA:35,1
DA:36,1
DA:37,5
DA:38,1
DA:40,2
DA:41,2
DA:43,4
DA:45,2
DA:46,4
DA:47,0
DA:48,0
DA:49,0
DA:50,0
DA:51,0
DA:55,1
DA:56,1
DA:58,2
DA:59,2
DA:60,2
DA:62,1
DA:63,0
DA:67,1
DA:68,3
DA:69,3
DA:70,0
DA:71,0
DA:72,0
DA:74,1
DA:75,1
DA:76,1
DA:78,2
DA:79,2
DA:85,1
DA:91,1
DA:93,1
DA:94,1
DA:97,1
DA:98,1
DA:99,1
DA:101,1
DA:105,1
DA:106,1
DA:107,1
DA:108,1
DA:109,1
DA:110,1
DA:112,3
DA:114,1
DA:115,1
DA:118,1
DA:122,1
DA:123,1
DA:125,1
DA:126,3
DA:131,1
DA:132,1
DA:133,1
DA:137,0
DA:144,1
DA:148,1
DA:152,2
DA:158,1
DA:159,1
DA:164,0
DA:165,0
DA:167,1
DA:172,1
DA:173,2
LF:73
LH:61
end_of_record
SF:lib/screens/enterprise_report_screen.dart
DA:12,1
DA:15,0
DA:16,0
DA:26,0
DA:27,0
DA:28,0
DA:29,0
DA:30,0
DA:31,0
DA:32,0
DA:33,0
DA:34,0
DA:35,0
DA:37,0
DA:38,0
DA:41,0
DA:42,0
DA:43,0
DA:44,0
DA:46,0
DA:49,0
DA:50,0
DA:53,0
DA:55,0
DA:57,0
DA:58,0
DA:63,0
DA:64,0
DA:66,0
DA:67,0
DA:70,0
DA:71,0
DA:74,0
DA:75,0
DA:78,0
DA:79,0
DA:83,0
DA:85,0
DA:86,0
DA:87,0
DA:88,0
DA:89,0
DA:97,0
DA:100,0
DA:101,0
DA:102,0
DA:103,0
DA:105,0
DA:106,0
DA:109,0
DA:110,0
DA:111,0
DA:112,0
DA:113,0
DA:116,0
DA:117,0
DA:118,0
DA:122,0
DA:123,0
DA:124,0
DA:125,0
DA:126,0
DA:132,0
DA:133,0
LF:64
LH:1
end_of_record
SF:lib/screens/enterprise_screen.dart
DA:9,2
DA:12,1
DA:13,1
DA:18,1
DA:23,1
DA:25,1
DA:26,2
DA:27,3
DA:30,1
DA:32,2
DA:33,2
DA:34,1
DA:37,1
DA:38,2
DA:41,1
DA:42,1
DA:43,1
DA:45,2
DA:46,1
DA:47,2
DA:48,2
DA:56,1
DA:58,4
DA:59,1
DA:60,1
DA:61,1
DA:62,4
DA:63,1
DA:64,1
DA:75,1
DA:76,1
DA:77,1
DA:78,2
DA:79,2
DA:82,1
DA:83,3
DA:84,1
DA:85,1
DA:86,1
LF:39
LH:39
end_of_record
SF:lib/screens/home_screen.dart
DA:12,1
DA:19,1
DA:22,0
DA:23,0
DA:33,0
DA:35,0
DA:36,0
DA:37,0
DA:39,0
DA:41,0
DA:46,0
DA:48,0
DA:49,0
DA:52,0
DA:54,0
DA:55,0
DA:57,0
DA:58,0
DA:62,0
DA:65,0
DA:68,0
DA:70,0
DA:71,0
DA:72,0
DA:73,0
DA:74,0
DA:76,0
DA:77,0
DA:78,0
DA:80,0
DA:82,0
DA:83,0
DA:85,0
DA:86,0
DA:87,0
DA:89,0
DA:90,0
DA:91,0
DA:93,0
DA:94,0
DA:95,0
DA:98,0
DA:99,0
DA:101,0
DA:102,0
DA:104,0
DA:107,0
DA:108,0
DA:116,0
DA:119,0
DA:120,0
DA:121,0
DA:136,0
LF:53
LH:2
end_of_record
SF:lib/screens/register_screen.dart
DA:14,1
DA:17,0
DA:18,0
DA:29,0
DA:30,0
DA:32,0
DA:35,0
DA:36,0
DA:37,0
DA:38,0
DA:41,0
DA:43,0
DA:44,0
DA:45,0
DA:46,0
DA:47,0
DA:49,0
DA:50,0
DA:51,0
DA:52,0
DA:53,0
DA:54,0
DA:55,0
DA:56,0
DA:57,0
DA:60,0
DA:65,0
DA:67,0
DA:68,0
DA:71,0
DA:72,0
DA:73,0
DA:74,0
DA:76,0
DA:77,0
DA:79,0
DA:80,0
DA:81,0
DA:82,0
DA:84,0
DA:86,0
DA:87,0
DA:89,0
DA:91,0
DA:92,0
DA:93,0
DA:95,0
DA:96,0
DA:97,0
DA:98,0
DA:100,0
DA:102,0
DA:103,0
DA:104,0
DA:106,0
DA:108,0
DA:109,0
LF:57
LH:1
end_of_record
SF:lib/utils/equation_utils.dart
DA:6,3
DA:7,12
DA:10,3
DA:11,3
DA:13,3
DA:14,3
DA:15,3
DA:18,6
DA:24,3
DA:25,4
DA:26,1
DA:29,3
DA:30,3
DA:31,3
LF:14
LH:14
end_of_record
SF:lib/utils/measurement_utils.dart
DA:6,1
DA:8,5
DA:9,2
DA:10,1
DA:11,1
DA:12,1
DA:13,1
DA:14,2
DA:17,1
DA:19,3
LF:10
LH:10
end_of_record
SF:lib/utils/report_utils.dart
DA:9,1
DA:11,5
DA:12,5
DA:13,5
DA:15,3
DA:32,1
DA:34,1
DA:35,1
DA:37,1
DA:38,1
DA:39,2
DA:40,1
DA:41,6
DA:43,1
DA:44,1
DA:46,6
DA:47,1
DA:51,1
DA:52,1
DA:58,1
DA:59,1
DA:60,1
DA:61,3
DA:62,3
DA:66,1
DA:72,1
DA:73,1
DA:74,1
DA:75,3
DA:76,3
DA:80,1
DA:86,1
DA:87,1
DA:88,1
DA:89,3
DA:90,3
DA:97,1
DA:98,2
DA:99,3
DA:100,1
DA:101,1
DA:103,4
DA:104,5
DA:106,1
DA:108,4
DA:109,5
DA:111,1
DA:113,4
DA:114,5
DA:117,1
DA:123,1
DA:124,1
DA:126,2
DA:127,2
DA:129,1
DA:130,1
DA:131,2
DA:132,1
DA:133,2
DA:134,1
DA:135,1
DA:136,1
DA:137,1
DA:138,1
DA:139,5
DA:142,1
DA:143,1
DA:146,1
DA:148,1
DA:149,1
DA:150,3
DA:152,1
DA:153,1
DA:154,2
DA:156,1
DA:157,3
DA:161,1
DA:163,1
DA:164,1
DA:165,1
DA:168,3
DA:170,1
DA:171,1
DA:173,2
DA:177,2
DA:178,1
DA:180,2
DA:181,1
DA:182,2
DA:183,2
DA:185,1
DA:186,1
DA:190,2
DA:191,1
DA:193,2
DA:194,2
DA:200,1
DA:203,1
DA:204,1
DA:205,1
DA:207,2
DA:208,1
DA:209,1
DA:215,1
DA:216,1
DA:218,1
DA:219,2
DA:220,1
DA:221,1
DA:222,1
DA:223,1
DA:227,1
LF:112
LH:112
end_of_record
SF:lib/utils/user_utils.dart
DA:5,1
DA:7,2
DA:8,1
DA:9,1
DA:10,5
DA:11,1
DA:13,2
DA:14,1
DA:15,1
DA:18,3
LF:10
LH:10
end_of_record
SF:lib/widgets/add_measure_dialog.dart
DA:8,4
DA:10,2
DA:11,2
DA:24,2
DA:25,4
DA:26,4
DA:27,2
DA:28,6
DA:29,4
DA:34,4
DA:37,2
DA:39,4
DA:40,4
DA:41,2
DA:44,2
DA:46,2
DA:47,2
DA:48,2
DA:49,2
DA:51,2
DA:52,2
DA:54,2
DA:55,0
DA:56,0
DA:59,2
DA:61,2
DA:62,2
DA:66,2
DA:67,2
DA:68,2
DA:69,1
DA:70,1
DA:73,2
DA:74,2
DA:75,2
DA:76,2
LF:36
LH:34
end_of_record
SF:lib/widgets/config_equation_dialog.dart
DA:8,1
DA:10,1
DA:12,1
DA:13,1
DA:31,1
DA:33,1
DA:34,4
DA:37,1
DA:38,1
DA:39,1
DA:40,1
DA:43,1
DA:44,4
DA:46,2
DA:47,2
DA:48,2
DA:49,6
DA:53,1
DA:55,1
DA:56,1
DA:57,1
DA:58,1
DA:59,1
DA:61,1
DA:62,1
DA:69,1
DA:71,1
DA:73,1
DA:75,1
DA:76,0
DA:77,0
DA:79,1
DA:81,1
DA:83,1
DA:84,1
DA:85,1
DA:86,1
DA:88,4
DA:91,1
DA:92,1
DA:94,5
DA:95,1
DA:101,3
DA:108,1
DA:109,1
DA:110,1
DA:111,1
DA:112,1
DA:115,1
DA:116,1
DA:117,1
DA:118,5
DA:119,1
LF:53
LH:51
end_of_record
SF:lib/widgets/config_report_dialog.dart
DA:5,1
DA:6,1
DA:8,1
DA:9,1
DA:20,1
DA:22,1
DA:23,1
DA:24,1
DA:25,1
DA:27,1
DA:28,1
DA:30,1
DA:31,1
DA:33,1
DA:35,1
DA:36,1
DA:40,1
DA:41,1
DA:42,1
DA:43,1
DA:44,1
DA:47,1
DA:48,1
DA:49,1
DA:50,4
DA:51,4
LF:26
LH:26
end_of_record
SF:lib/widgets/information_tab.dart
DA:12,2
DA:13,2
DA:18,2
DA:19,2
DA:25,1
DA:26,2
DA:28,1
DA:30,2
DA:35,2
DA:37,9
DA:38,2
DA:40,2
DA:41,2
DA:43,2
DA:44,2
DA:45,6
DA:46,6
DA:48,2
DA:50,6
DA:52,2
DA:54,6
DA:56,2
DA:58,6
DA:60,2
DA:63,14
DA:65,2
DA:67,8
DA:69,2
DA:71,6
DA:73,2
DA:75,6
DA:77,2
DA:78,12
DA:79,2
DA:81,2
DA:82,2
DA:87,2
DA:89,2
DA:90,0
DA:93,0
DA:94,0
DA:95,0
DA:96,0
DA:98,0
DA:99,0
LF:45
LH:38
end_of_record
SF:lib/widgets/info_tile.dart
DA:4,4
DA:5,4
DA:10,4
DA:12,4
DA:14,4
DA:16,4
DA:18,4
DA:19,4
DA:20,4
DA:21,4
DA:23,4
DA:25,4
DA:26,4
DA:27,4
LF:14
LH:14
end_of_record
SF:lib/widgets/measurement_list.dart
DA:11,2
DA:15,1
DA:16,1
DA:23,1
DA:25,1
DA:26,5
DA:27,4
DA:30,1
DA:32,1
DA:33,1
DA:34,1
DA:35,1
DA:36,4
DA:37,1
DA:38,1
DA:39,1
DA:40,1
DA:42,1
DA:46,1
DA:47,3
DA:48,0
DA:51,1
DA:53,3
DA:55,4
DA:57,1
DA:58,1
DA:59,5
DA:60,6
DA:61,3
DA:63,2
DA:64,2
DA:69,1
DA:74,2
LF:33
LH:32
end_of_record
SF:lib/widgets/measure_tile.dart
DA:4,2
DA:11,2
DA:19,2
DA:20,2
DA:23,2
DA:24,2
DA:25,2
DA:26,2
DA:27,2
DA:28,2
DA:29,2
DA:30,2
DA:31,0
DA:32,0
DA:35,2
DA:36,2
DA:37,1
DA:38,2
DA:39,1
DA:48,2
DA:50,2
DA:51,2
DA:52,10
DA:53,6
DA:54,4
DA:55,2
DA:56,2
DA:57,2
LF:28
LH:26
end_of_record
SF:lib/widgets/qr_reference.dart
DA:6,3
DA:7,3
DA:12,3
DA:14,3
DA:16,3
DA:18,3
DA:19,2
DA:20,6
DA:21,2
DA:22,6
DA:24,3
DA:25,3
DA:26,3
DA:27,3
DA:31,3
DA:32,3
DA:33,3
DA:34,3
DA:35,3
DA:36,3
DA:38,3
DA:39,6
DA:40,3
DA:41,3
DA:42,3
DA:43,3
LF:26
LH:26
end_of_record
SF:lib/widgets/remove_enterprise_dialog.dart
DA:4,2
DA:5,2
DA:7,2
DA:9,2
DA:15,2
DA:17,2
DA:18,2
DA:19,2
DA:20,2
DA:21,2
DA:22,2
DA:23,2
DA:24,1
DA:25,1
DA:28,2
DA:29,2
DA:30,2
DA:31,6
DA:32,2
LF:19
LH:19
end_of_record
SF:lib/widgets/search_enterprise_dialog.dart
DA:9,2
DA:11,2
DA:13,2
DA:15,2
DA:32,2
DA:34,2
DA:35,4
DA:36,2
DA:37,4
DA:38,6
DA:39,4
DA:40,2
DA:41,2
DA:42,2
DA:44,2
DA:45,2
DA:47,4
DA:49,2
DA:51,4
DA:53,2
DA:55,4
DA:57,2
DA:60,10
DA:62,2
DA:64,2
DA:65,6
DA:76,4
DA:77,2
DA:78,2
DA:79,1
DA:80,1
DA:83,2
DA:84,2
DA:85,2
DA:86,6
DA:87,6
DA:88,2
DA:89,2
DA:95,2
DA:98,2
DA:99,1
DA:100,1
DA:101,0
DA:102,0
DA:109,2
DA:110,2
DA:111,2
DA:112,2
DA:113,2
LF:49
LH:47
end_of_record
SF:lib/models/user_model.dart
DA:17,0
DA:22,1
DA:23,1
DA:24,1
DA:25,1
DA:26,2
DA:27,1
DA:32,0
DA:33,0
DA:38,0
DA:40,0
DA:45,1
DA:47,1
DA:48,2
DA:49,2
DA:50,2
DA:51,2
DA:58,0
DA:59,0
DA:64,0
DA:65,0
LF:21
LH:12
end_of_record
SF:lib/models/enterprise_model.dart
DA:30,1
DA:35,5
DA:36,5
DA:37,5
DA:38,5
DA:39,5
DA:40,5
DA:41,5
DA:42,5
DA:43,5
DA:44,5
DA:45,5
DA:46,5
DA:47,5
DA:48,5
DA:49,5
DA:50,5
DA:51,5
DA:52,5
DA:53,5
DA:58,0
DA:60,0
DA:65,0
DA:67,0
DA:72,3
DA:74,3
DA:75,6
DA:76,6
DA:77,6
DA:78,6
DA:79,6
DA:80,6
DA:81,6
DA:82,6
DA:83,6
DA:84,6
DA:85,6
DA:86,6
DA:87,6
DA:88,6
DA:89,6
DA:90,6
DA:91,6
DA:98,0
DA:99,0
DA:104,1
DA:105,1
LF:47
LH:41
end_of_record
SF:lib/models/measurement_model.dart
DA:14,2
DA:19,2
DA:20,2
DA:21,2
DA:22,2
DA:27,2
DA:29,2
DA:34,0
DA:36,0
DA:41,2
DA:43,2
DA:44,4
DA:45,4
DA:52,0
DA:53,0
DA:58,0
DA:59,0
LF:17
LH:11
end_of_record
